2025-03-15 15:05:30,516 - Login Successful
  Greeting		: Login Successful!
  Account			: admin
  IP Address	: 192.168.1.77
  Timestamp		: 2025-03-15 15:05:30

2025-03-15 15:06:42,595 - Login Successful
  Greeting		: Login Successful!
  Account			: admin
  IP Address	: 192.168.1.77
  Timestamp		: 2025-03-15 15:06:42

2025-03-15 15:09:50,858 - Login Successful
  Greeting		: Login Successful!
  Account			: admin
  IP Address	: 192.168.1.77
  Timestamp		: 2025-03-15 15:09:50

2025-03-15 15:10:54,794 - Login Successful
  Greeting		: Login Successful!
  Account			: admin
  IP Address	: 192.168.1.77
  Timestamp		: 2025-03-15 15:10:54

2025-03-15 15:11:17,798 - Login Successful
  Greeting		: Login Successful!
  Account			: admin
  IP Address	: 192.168.1.77
  Timestamp		: 2025-03-15 15:11:17

2025-03-15 15:12:17,926 - Login Successful
  Greeting		: Login Successful!
  Account			: admin
  IP Address	: 192.168.1.77
  Timestamp		: 2025-03-15 15:12:17

2025-03-15 15:13:10,803 - Login Successful
  Greeting		: Login Successful!
  Account			: admin
  IP Address	: 192.168.1.77
  Timestamp		: 2025-03-15 15:13:10

